<?xml version="1.0" encoding="UTF-8"?>
<!-- Generated by org.testng.reporters.JUnitXMLReporter -->
<testsuite hostname="H-Z0046" ignored="1" name="Default test" tests="4" failures="0" timestamp="24 五月 2018 01:02:41 GMT" time="84.52" errors="0">
  <testcase name="testLogin" time="15.199" classname="com.fiberhome_yunchuang.www.bianjie.UI.autotest.logic.TestAddUser"/>
  <testcase name="addUser" time="39.96" classname="com.fiberhome_yunchuang.www.bianjie.UI.autotest.logic.TestAddUser"/>
  <testcase name="modifyUser" time="20.787" classname="com.fiberhome_yunchuang.www.bianjie.UI.autotest.logic.TestAddUser"/>
  <testcase name="inquireUser" time="8.403" classname="com.fiberhome_yunchuang.www.bianjie.UI.autotest.logic.TestAddUser"/>
  <testcase name="deleteUser" time="0.0" classname="com.fiberhome_yunchuang.www.bianjie.UI.autotest.logic.TestAddUser">
    <ignored/>
  </testcase> <!-- deleteUser -->
</testsuite> <!-- Default test -->
